<?xml version="1.0" encoding="UTF-8"?>
<!-- Generated by org.testng.reporters.JUnitXMLReporter -->
<testsuite hostname="LAPTOP-5MSMT5PF" ignored="0" name="Default test(failed)" tests="2" failures="0" timestamp="26 Apr 2019 18:26:26 GMT" time="0.094" errors="0">
  <testcase name="@BeforeMethod openApp" time="0.0" classname="generic.BaseTest">
    <failure type="org.testng.TestNGException" message="
Parameter &amp;apos;browser&amp;apos; is required by BeforeMethod on method openApp but has not been marked @Optional or defined
in C:\Users\Beauty\eclipse-workspace\Demo Web Shop\test-output\testng-failed.xml">
      <![CDATA[org.testng.TestNGException: 
Parameter 'browser' is required by BeforeMethod on method openApp but has not been marked @Optional or defined
in C:\Users\Beauty\eclipse-workspace\Demo Web Shop\test-output\testng-failed.xml
... Removed 25 stack frames]]>
    </failure>
  </testcase> <!-- @BeforeMethod openApp -->
  <testcase name="@BeforeMethod openApp" time="0.0" classname="generic.BaseTest">
    <failure type="org.testng.TestNGException" message="
Parameter &amp;apos;browser&amp;apos; is required by BeforeMethod on method openApp but has not been marked @Optional or defined
in C:\Users\Beauty\eclipse-workspace\Demo Web Shop\test-output\testng-failed.xml">
      <![CDATA[org.testng.TestNGException: 
Parameter 'browser' is required by BeforeMethod on method openApp but has not been marked @Optional or defined
in C:\Users\Beauty\eclipse-workspace\Demo Web Shop\test-output\testng-failed.xml
... Removed 25 stack frames]]>
    </failure>
  </testcase> <!-- @BeforeMethod openApp -->
  <testcase name="validLogin" time="0.0" classname="scripts.LoginTest">
    <skipped/>
  </testcase> <!-- validLogin -->
  <testcase name="invalidLogin" time="0.0" classname="scripts.LoginTest">
    <skipped/>
  </testcase> <!-- invalidLogin -->
</testsuite> <!-- Default test(failed) -->
